<?xml version="1.0" encoding="UTF-8"?>
<!-- Generated by org.testng.reporters.JUnitXMLReporter -->
<testsuite hostname="ultra-PC" ignored="6" name="Default test" tests="1" failures="0" timestamp="24 Jan 2019 02:14:54 GMT" time="14.864" errors="0">
  <testcase name="chkRdBtnAgeTest" time="6.728" classname="basketTests.inputElmntsTest"/>
  <testcase name="unCheckAllTest" time="0.0" classname="basketTests.inputElmntsTest">
    <ignored/>
  </testcase> <!-- unCheckAllTest -->
  <testcase name="chkRdBtnTest" time="0.0" classname="basketTests.inputElmntsTest">
    <ignored/>
  </testcase> <!-- chkRdBtnTest -->
  <testcase name="allChkboxOnTest" time="0.0" classname="basketTests.inputElmntsTest">
    <ignored/>
  </testcase> <!-- allChkboxOnTest -->
  <testcase name="msgEnterTest" time="0.0" classname="basketTests.inputElmntsTest">
    <ignored/>
  </testcase> <!-- msgEnterTest -->
  <testcase name="addCheckTest" time="0.0" classname="basketTests.inputElmntsTest">
    <ignored/>
  </testcase> <!-- addCheckTest -->
  <testcase name="msgChkboxDmTest" time="0.0" classname="basketTests.inputElmntsTest">
    <ignored/>
  </testcase> <!-- msgChkboxDmTest -->
</testsuite> <!-- Default test -->
