<?xml version="1.0" encoding="UTF-8"?>
<!-- Generated by org.testng.reporters.JUnitXMLReporter -->
<testsuite hostname="ultra-PC" ignored="9" name="Command line test" tests="1" failures="0" timestamp="26 Jan 2019 11:28:12 GMT" time="10.048" errors="0">
  <testcase name="AjaxFormInputTest" time="2.144" classname="basketTests.formsOnTest"/>
  <testcase name="unCheckAllTest" time="0.0" classname="basketTests.inputElmntsTest">
    <ignored/>
  </testcase> <!-- unCheckAllTest -->
  <testcase name="selMultiDrpDwnTest" time="0.0" classname="basketTests.formsOnTest">
    <ignored/>
  </testcase> <!-- selMultiDrpDwnTest -->
  <testcase name="chkRdBtnAgeTest" time="0.0" classname="basketTests.inputElmntsTest">
    <ignored/>
  </testcase> <!-- chkRdBtnAgeTest -->
  <testcase name="chkRdBtnTest" time="0.0" classname="basketTests.inputElmntsTest">
    <ignored/>
  </testcase> <!-- chkRdBtnTest -->
  <testcase name="selectDrpDwnTest" time="0.0" classname="basketTests.formsOnTest">
    <ignored/>
  </testcase> <!-- selectDrpDwnTest -->
  <testcase name="allChkboxOnTest" time="0.0" classname="basketTests.inputElmntsTest">
    <ignored/>
  </testcase> <!-- allChkboxOnTest -->
  <testcase name="msgEnterTest" time="0.0" classname="basketTests.inputElmntsTest">
    <ignored/>
  </testcase> <!-- msgEnterTest -->
  <testcase name="addCheckTest" time="0.0" classname="basketTests.inputElmntsTest">
    <ignored/>
  </testcase> <!-- addCheckTest -->
  <testcase name="msgChkboxDmTest" time="0.0" classname="basketTests.inputElmntsTest">
    <ignored/>
  </testcase> <!-- msgChkboxDmTest -->
</testsuite> <!-- Command line test -->
