<?xml version="1.0" encoding="UTF-8"?>
<testng-results skipped="0" failed="0" ignored="9" total="10" passed="1">
  <reporter-output>
  </reporter-output>
  <suite name="Command line suite" duration-ms="10048" started-at="2019-01-26T11:28:01Z" finished-at="2019-01-26T11:28:12Z">
    <groups>
    </groups>
    <test name="Command line test" duration-ms="10048" started-at="2019-01-26T11:28:01Z" finished-at="2019-01-26T11:28:12Z">
      <class name="basketTests.formsOnTest">
        <test-method status="PASS" signature="launch()[pri:0, instance:basketTests.formsOnTest@180bc464]" name="launch" is-config="true" duration-ms="7274" started-at="2019-01-26T11:28:01Z" finished-at="2019-01-26T11:28:09Z">
          <reporter-output>
          </reporter-output>
        </test-method> <!-- launch -->
        <test-method status="PASS" signature="AjaxFormInputTest()[pri:0, instance:basketTests.formsOnTest@180bc464]" name="AjaxFormInputTest" duration-ms="2144" started-at="2019-01-26T11:28:09Z" finished-at="2019-01-26T11:28:11Z">
          <reporter-output>
          </reporter-output>
        </test-method> <!-- AjaxFormInputTest -->
        <test-method status="PASS" signature="closing()[pri:0, instance:basketTests.formsOnTest@180bc464]" name="closing" is-config="true" duration-ms="604" started-at="2019-01-26T11:28:11Z" finished-at="2019-01-26T11:28:12Z">
          <reporter-output>
          </reporter-output>
        </test-method> <!-- closing -->
      </class> <!-- basketTests.formsOnTest -->
    </test> <!-- Command line test -->
  </suite> <!-- Command line suite -->
</testng-results>
