<?xml version="1.0" encoding="UTF-8"?>
<testng-results skipped="0" failed="0" ignored="6" total="7" passed="1">
  <reporter-output>
  </reporter-output>
  <suite name="Default suite" duration-ms="14864" started-at="2019-01-24T02:14:39Z" finished-at="2019-01-24T02:14:54Z">
    <groups>
    </groups>
    <test name="Default test" duration-ms="14864" started-at="2019-01-24T02:14:39Z" finished-at="2019-01-24T02:14:54Z">
      <class name="basketTests.inputElmntsTest">
        <test-method status="PASS" signature="launch()[pri:0, instance:basketTests.inputElmntsTest@6a4f787b]" name="launch" is-config="true" duration-ms="7489" started-at="2019-01-24T02:14:39Z" finished-at="2019-01-24T02:14:46Z">
          <reporter-output>
          </reporter-output>
        </test-method> <!-- launch -->
        <test-method status="PASS" signature="chkRdBtnAgeTest()[pri:0, instance:basketTests.inputElmntsTest@6a4f787b]" name="chkRdBtnAgeTest" duration-ms="6728" started-at="2019-01-24T02:14:46Z" finished-at="2019-01-24T02:14:53Z">
          <reporter-output>
          </reporter-output>
        </test-method> <!-- chkRdBtnAgeTest -->
        <test-method status="PASS" signature="closing()[pri:0, instance:basketTests.inputElmntsTest@6a4f787b]" name="closing" is-config="true" duration-ms="617" started-at="2019-01-24T02:14:53Z" finished-at="2019-01-24T02:14:54Z">
          <reporter-output>
          </reporter-output>
        </test-method> <!-- closing -->
      </class> <!-- basketTests.inputElmntsTest -->
    </test> <!-- Default test -->
  </suite> <!-- Default suite -->
</testng-results>
